# JRE version: OpenJDK Runtime Environment Temurin-21.0.6+7 (21.0.6+7) (build 21.0.6+7-LTS)
# Java VM: OpenJDK 64-Bit Server VM Temurin-21.0.6+7 (21.0.6+7-LTS, mixed mode, sharing, tiered, compressed oops, compressed class ptrs, parallel gc, windows-amd64)
GC Precious Log:
 CardTable entry size: 512
 CPUs: 6 total, 6 available
 Memory: 16325M
 Large Page Support: Disabled
 NUMA Support: Disabled
 Compressed Oops: Enabled (32-bit)
 Alignments: Space 512K, Generation 512K, Heap 2M
 Heap Min Capacity: 100M
 Heap Initial Capacity: 100M
 Heap Max Capacity: 1G
 Pre-touch: Disabled
 Parallel Workers: 6
Heap:
 PSYoungGen      total 7680K, used 6011K [0x00000000eab00000, 0x00000000eb580000, 0x0000000100000000)
  eden space 4096K, 93% used [0x00000000eab00000,0x00000000eaebee60,0x00000000eaf00000)
  from space 3584K, 60% used [0x00000000eaf00000,0x00000000eb120000,0x00000000eb280000)
  to   space 3072K, 0% used [0x00000000eb280000,0x00000000eb280000,0x00000000eb580000)
 ParOldGen       total 345088K, used 345063K [0x00000000c0000000, 0x00000000d5100000, 0x00000000eab00000)
  object space 345088K, 99% used [0x00000000c0000000,0x00000000d50f9cb0,0x00000000d5100000)
 Metaspace       used 56571K, committed 57920K, reserved 1114112K
  class space    used 6030K, committed 6592K, reserved 1048576K
GC Heap History (20 events):
Event: 20.929 GC heap before
{Heap before GC invocations=258 (full 4):
 PSYoungGen      total 5120K, used 5109K [0x00000000eab00000, 0x00000000eb400000, 0x0000000100000000)
  eden space 2560K, 100% used [0x00000000eab00000,0x00000000ead80000,0x00000000ead80000)
  from space 2560K, 99% used [0x00000000ead80000,0x00000000eaffd408,0x00000000eb000000)
  to   space 3072K, 0% used [0x00000000eb100000,0x00000000eb100000,0x00000000eb400000)
 ParOldGen       total 341504K, used 341463K [0x00000000c0000000, 0x00000000d4d80000, 0x00000000eab00000)
  object space 341504K, 99% used [0x00000000c0000000,0x00000000d4d75d60,0x00000000d4d80000)
 Metaspace       used 55823K, committed 57024K, reserved 1114112K
  class space    used 5944K, committed 6464K, reserved 1048576K
}
Event: 20.931 GC heap after
{Heap after GC invocations=258 (full 4):
 PSYoungGen      total 6144K, used 2532K [0x00000000eab00000, 0x00000000eb400000, 0x0000000100000000)
  eden space 3072K, 0% used [0x00000000eab00000,0x00000000eab00000,0x00000000eae00000)
  from space 3072K, 82% used [0x00000000eb100000,0x00000000eb3793f8,0x00000000eb400000)
  to   space 3072K, 0% used [0x00000000eae00000,0x00000000eae00000,0x00000000eb100000)
 ParOldGen       total 342528K, used 342383K [0x00000000c0000000, 0x00000000d4e80000, 0x00000000eab00000)
  object space 342528K, 99% used [0x00000000c0000000,0x00000000d4e5bd70,0x00000000d4e80000)
 Metaspace       used 55823K, committed 57024K, reserved 1114112K
  class space    used 5944K, committed 6464K, reserved 1048576K
}
Event: 20.984 GC heap before
{Heap before GC invocations=259 (full 4):
 PSYoungGen      total 6144K, used 5599K [0x00000000eab00000, 0x00000000eb400000, 0x0000000100000000)
  eden space 3072K, 99% used [0x00000000eab00000,0x00000000eadfe958,0x00000000eae00000)
  from space 3072K, 82% used [0x00000000eb100000,0x00000000eb3793f8,0x00000000eb400000)
  to   space 3072K, 0% used [0x00000000eae00000,0x00000000eae00000,0x00000000eb100000)
 ParOldGen       total 342528K, used 342383K [0x00000000c0000000, 0x00000000d4e80000, 0x00000000eab00000)
  object space 342528K, 99% used [0x00000000c0000000,0x00000000d4e5bd70,0x00000000d4e80000)
 Metaspace       used 55946K, committed 57152K, reserved 1114112K
  class space    used 5952K, committed 6464K, reserved 1048576K
}
Event: 20.987 GC heap after
{Heap after GC invocations=259 (full 4):
 PSYoungGen      total 6144K, used 3065K [0x00000000eab00000, 0x00000000eb580000, 0x0000000100000000)
  eden space 3072K, 0% used [0x00000000eab00000,0x00000000eab00000,0x00000000eae00000)
  from space 3072K, 99% used [0x00000000eae00000,0x00000000eb0fe4e8,0x00000000eb100000)
  to   space 3584K, 0% used [0x00000000eb200000,0x00000000eb200000,0x00000000eb580000)
 ParOldGen       total 342528K, used 342511K [0x00000000c0000000, 0x00000000d4e80000, 0x00000000eab00000)
  object space 342528K, 99% used [0x00000000c0000000,0x00000000d4e7bd70,0x00000000d4e80000)
 Metaspace       used 55946K, committed 57152K, reserved 1114112K
  class space    used 5952K, committed 6464K, reserved 1048576K
}
Event: 21.021 GC heap before
{Heap before GC invocations=260 (full 4):
 PSYoungGen      total 6144K, used 6119K [0x00000000eab00000, 0x00000000eb580000, 0x0000000100000000)
  eden space 3072K, 99% used [0x00000000eab00000,0x00000000eadfb908,0x00000000eae00000)
  from space 3072K, 99% used [0x00000000eae00000,0x00000000eb0fe4e8,0x00000000eb100000)
  to   space 3584K, 0% used [0x00000000eb200000,0x00000000eb200000,0x00000000eb580000)
 ParOldGen       total 342528K, used 342511K [0x00000000c0000000, 0x00000000d4e80000, 0x00000000eab00000)
  object space 342528K, 99% used [0x00000000c0000000,0x00000000d4e7bd70,0x00000000d4e80000)
 Metaspace       used 56023K, committed 57344K, reserved 1114112K
  class space    used 5970K, committed 6528K, reserved 1048576K
}
Event: 21.025 GC heap after
{Heap after GC invocations=260 (full 4):
 PSYoungGen      total 6656K, used 2648K [0x00000000eab00000, 0x00000000eb500000, 0x0000000100000000)
  eden space 3584K, 0% used [0x00000000eab00000,0x00000000eab00000,0x00000000eae80000)
  from space 3072K, 86% used [0x00000000eb200000,0x00000000eb4960b0,0x00000000eb500000)
  to   space 3072K, 0% used [0x00000000eaf00000,0x00000000eaf00000,0x00000000eb200000)
 ParOldGen       total 343040K, used 343034K [0x00000000c0000000, 0x00000000d4f00000, 0x00000000eab00000)
  object space 343040K, 99% used [0x00000000c0000000,0x00000000d4efea50,0x00000000d4f00000)
 Metaspace       used 56023K, committed 57344K, reserved 1114112K
  class space    used 5970K, committed 6528K, reserved 1048576K
}
Event: 21.052 GC heap before
{Heap before GC invocations=261 (full 4):
 PSYoungGen      total 6656K, used 6231K [0x00000000eab00000, 0x00000000eb500000, 0x0000000100000000)
  eden space 3584K, 99% used [0x00000000eab00000,0x00000000eae7fe18,0x00000000eae80000)
  from space 3072K, 86% used [0x00000000eb200000,0x00000000eb4960b0,0x00000000eb500000)
  to   space 3072K, 0% used [0x00000000eaf00000,0x00000000eaf00000,0x00000000eb200000)
 ParOldGen       total 343040K, used 343034K [0x00000000c0000000, 0x00000000d4f00000, 0x00000000eab00000)
  object space 343040K, 99% used [0x00000000c0000000,0x00000000d4efea50,0x00000000d4f00000)
 Metaspace       used 56051K, committed 57344K, reserved 1114112K
  class space    used 5982K, committed 6528K, reserved 1048576K
}
Event: 21.055 GC heap after
{Heap after GC invocations=261 (full 4):
 PSYoungGen      total 7168K, used 2820K [0x00000000eab00000, 0x00000000eb500000, 0x0000000100000000)
  eden space 4096K, 0% used [0x00000000eab00000,0x00000000eab00000,0x00000000eaf00000)
  from space 3072K, 91% used [0x00000000eaf00000,0x00000000eb1c13f8,0x00000000eb200000)
  to   space 3072K, 0% used [0x00000000eb200000,0x00000000eb200000,0x00000000eb500000)
 ParOldGen       total 343040K, used 343034K [0x00000000c0000000, 0x00000000d4f00000, 0x00000000eab00000)
  object space 343040K, 99% used [0x00000000c0000000,0x00000000d4efea50,0x00000000d4f00000)
 Metaspace       used 56051K, committed 57344K, reserved 1114112K
  class space    used 5982K, committed 6528K, reserved 1048576K
}
Event: 21.084 GC heap before
{Heap before GC invocations=262 (full 4):
 PSYoungGen      total 7168K, used 6916K [0x00000000eab00000, 0x00000000eb500000, 0x0000000100000000)
  eden space 4096K, 100% used [0x00000000eab00000,0x00000000eaf00000,0x00000000eaf00000)
  from space 3072K, 91% used [0x00000000eaf00000,0x00000000eb1c13f8,0x00000000eb200000)
  to   space 3072K, 0% used [0x00000000eb200000,0x00000000eb200000,0x00000000eb500000)
 ParOldGen       total 343040K, used 343034K [0x00000000c0000000, 0x00000000d4f00000, 0x00000000eab00000)
  object space 343040K, 99% used [0x00000000c0000000,0x00000000d4efea50,0x00000000d4f00000)
 Metaspace       used 56077K, committed 57344K, reserved 1114112K
  class space    used 5990K, committed 6528K, reserved 1048576K
}
Event: 21.086 GC heap after
{Heap after GC invocations=262 (full 4):
 PSYoungGen      total 6656K, used 3054K [0x00000000eab00000, 0x00000000eb680000, 0x0000000100000000)
  eden space 3584K, 0% used [0x00000000eab00000,0x00000000eab00000,0x00000000eae80000)
  from space 3072K, 99% used [0x00000000eb200000,0x00000000eb4fb9e8,0x00000000eb500000)
  to   space 3584K, 0% used [0x00000000eae80000,0x00000000eae80000,0x00000000eb200000)
 ParOldGen       total 343552K, used 343130K [0x00000000c0000000, 0x00000000d4f80000, 0x00000000eab00000)
  object space 343552K, 99% used [0x00000000c0000000,0x00000000d4f16a50,0x00000000d4f80000)
 Metaspace       used 56077K, committed 57344K, reserved 1114112K
  class space    used 5990K, committed 6528K, reserved 1048576K
}
Event: 21.100 GC heap before
{Heap before GC invocations=263 (full 4):
 PSYoungGen      total 6656K, used 6638K [0x00000000eab00000, 0x00000000eb680000, 0x0000000100000000)
  eden space 3584K, 100% used [0x00000000eab00000,0x00000000eae80000,0x00000000eae80000)
  from space 3072K, 99% used [0x00000000eb200000,0x00000000eb4fb9e8,0x00000000eb500000)
  to   space 3584K, 0% used [0x00000000eae80000,0x00000000eae80000,0x00000000eb200000)
 ParOldGen       total 343552K, used 343130K [0x00000000c0000000, 0x00000000d4f80000, 0x00000000eab00000)
  object space 343552K, 99% used [0x00000000c0000000,0x00000000d4f16a50,0x00000000d4f80000)
 Metaspace       used 56098K, committed 57408K, reserved 1114112K
  class space    used 5995K, committed 6528K, reserved 1048576K
}
Event: 21.102 GC heap after
{Heap after GC invocations=263 (full 4):
 PSYoungGen      total 7168K, used 3259K [0x00000000eab00000, 0x00000000eb600000, 0x0000000100000000)
  eden space 3584K, 0% used [0x00000000eab00000,0x00000000eab00000,0x00000000eae80000)
  from space 3584K, 90% used [0x00000000eae80000,0x00000000eb1aec08,0x00000000eb200000)
  to   space 3584K, 0% used [0x00000000eb280000,0x00000000eb280000,0x00000000eb600000)
 ParOldGen       total 343552K, used 343434K [0x00000000c0000000, 0x00000000d4f80000, 0x00000000eab00000)
  object space 343552K, 99% used [0x00000000c0000000,0x00000000d4f62978,0x00000000d4f80000)
 Metaspace       used 56098K, committed 57408K, reserved 1114112K
  class space    used 5995K, committed 6528K, reserved 1048576K
}
Event: 21.138 GC heap before
{Heap before GC invocations=264 (full 4):
 PSYoungGen      total 7168K, used 6843K [0x00000000eab00000, 0x00000000eb600000, 0x0000000100000000)
  eden space 3584K, 100% used [0x00000000eab00000,0x00000000eae80000,0x00000000eae80000)
  from space 3584K, 90% used [0x00000000eae80000,0x00000000eb1aec08,0x00000000eb200000)
  to   space 3584K, 0% used [0x00000000eb280000,0x00000000eb280000,0x00000000eb600000)
 ParOldGen       total 343552K, used 343434K [0x00000000c0000000, 0x00000000d4f80000, 0x00000000eab00000)
  object space 343552K, 99% used [0x00000000c0000000,0x00000000d4f62978,0x00000000d4f80000)
 Metaspace       used 56194K, committed 57472K, reserved 1114112K
  class space    used 6006K, committed 6528K, reserved 1048576K
}
Event: 21.141 GC heap after
{Heap after GC invocations=264 (full 4):
 PSYoungGen      total 7168K, used 2688K [0x00000000eab00000, 0x00000000eb580000, 0x0000000100000000)
  eden space 4096K, 0% used [0x00000000eab00000,0x00000000eab00000,0x00000000eaf00000)
  from space 3072K, 87% used [0x00000000eb280000,0x00000000eb520000,0x00000000eb580000)
  to   space 3072K, 0% used [0x00000000eaf80000,0x00000000eaf80000,0x00000000eb280000)
 ParOldGen       total 343552K, used 343442K [0x00000000c0000000, 0x00000000d4f80000, 0x00000000eab00000)
  object space 343552K, 99% used [0x00000000c0000000,0x00000000d4f64978,0x00000000d4f80000)
 Metaspace       used 56194K, committed 57472K, reserved 1114112K
  class space    used 6006K, committed 6528K, reserved 1048576K
}
Event: 21.196 GC heap before
{Heap before GC invocations=265 (full 4):
 PSYoungGen      total 7168K, used 6784K [0x00000000eab00000, 0x00000000eb580000, 0x0000000100000000)
  eden space 4096K, 100% used [0x00000000eab00000,0x00000000eaf00000,0x00000000eaf00000)
  from space 3072K, 87% used [0x00000000eb280000,0x00000000eb520000,0x00000000eb580000)
  to   space 3072K, 0% used [0x00000000eaf80000,0x00000000eaf80000,0x00000000eb280000)
 ParOldGen       total 343552K, used 343442K [0x00000000c0000000, 0x00000000d4f80000, 0x00000000eab00000)
  object space 343552K, 99% used [0x00000000c0000000,0x00000000d4f64978,0x00000000d4f80000)
 Metaspace       used 56264K, committed 57536K, reserved 1114112K
  class space    used 6012K, committed 6528K, reserved 1048576K
}
Event: 21.198 GC heap after
{Heap after GC invocations=265 (full 4):
 PSYoungGen      total 7680K, used 2892K [0x00000000eab00000, 0x00000000eb580000, 0x0000000100000000)
  eden space 4608K, 0% used [0x00000000eab00000,0x00000000eab00000,0x00000000eaf80000)
  from space 3072K, 94% used [0x00000000eaf80000,0x00000000eb2532d8,0x00000000eb280000)
  to   space 3072K, 0% used [0x00000000eb280000,0x00000000eb280000,0x00000000eb580000)
 ParOldGen       total 343552K, used 343450K [0x00000000c0000000, 0x00000000d4f80000, 0x00000000eab00000)
  object space 343552K, 99% used [0x00000000c0000000,0x00000000d4f66978,0x00000000d4f80000)
 Metaspace       used 56264K, committed 57536K, reserved 1114112K
  class space    used 6012K, committed 6528K, reserved 1048576K
}
Event: 21.216 GC heap before
{Heap before GC invocations=266 (full 4):
 PSYoungGen      total 7680K, used 7492K [0x00000000eab00000, 0x00000000eb580000, 0x0000000100000000)
  eden space 4608K, 99% used [0x00000000eab00000,0x00000000eaf7df00,0x00000000eaf80000)
  from space 3072K, 94% used [0x00000000eaf80000,0x00000000eb2532d8,0x00000000eb280000)
  to   space 3072K, 0% used [0x00000000eb280000,0x00000000eb280000,0x00000000eb580000)
 ParOldGen       total 343552K, used 343450K [0x00000000c0000000, 0x00000000d4f80000, 0x00000000eab00000)
  object space 343552K, 99% used [0x00000000c0000000,0x00000000d4f66978,0x00000000d4f80000)
 Metaspace       used 56314K, committed 57600K, reserved 1114112K
  class space    used 6015K, committed 6528K, reserved 1048576K
}
Event: 21.218 GC heap after
{Heap after GC invocations=266 (full 4):
 PSYoungGen      total 7168K, used 3070K [0x00000000eab00000, 0x00000000eb700000, 0x0000000100000000)
  eden space 4096K, 0% used [0x00000000eab00000,0x00000000eab00000,0x00000000eaf00000)
  from space 3072K, 99% used [0x00000000eb280000,0x00000000eb57fbb0,0x00000000eb580000)
  to   space 3584K, 0% used [0x00000000eaf00000,0x00000000eaf00000,0x00000000eb280000)
 ParOldGen       total 344064K, used 343618K [0x00000000c0000000, 0x00000000d5000000, 0x00000000eab00000)
  object space 344064K, 99% used [0x00000000c0000000,0x00000000d4f90978,0x00000000d5000000)
 Metaspace       used 56314K, committed 57600K, reserved 1114112K
  class space    used 6015K, committed 6528K, reserved 1048576K
}
Event: 21.236 GC heap before
{Heap before GC invocations=267 (full 4):
 PSYoungGen      total 7168K, used 7166K [0x00000000eab00000, 0x00000000eb700000, 0x0000000100000000)
  eden space 4096K, 100% used [0x00000000eab00000,0x00000000eaf00000,0x00000000eaf00000)
  from space 3072K, 99% used [0x00000000eb280000,0x00000000eb57fbb0,0x00000000eb580000)
  to   space 3584K, 0% used [0x00000000eaf00000,0x00000000eaf00000,0x00000000eb280000)
 ParOldGen       total 344064K, used 343618K [0x00000000c0000000, 0x00000000d5000000, 0x00000000eab00000)
  object space 344064K, 99% used [0x00000000c0000000,0x00000000d4f90978,0x00000000d5000000)
 Metaspace       used 56365K, committed 57664K, reserved 1114112K
  class space    used 6017K, committed 6528K, reserved 1048576K
}
Event: 21.238 GC heap after
{Heap after GC invocations=267 (full 4):
 PSYoungGen      total 7680K, used 2176K [0x00000000eab00000, 0x00000000eb580000, 0x0000000100000000)
  eden space 4096K, 0% used [0x00000000eab00000,0x00000000eab00000,0x00000000eaf00000)
  from space 3584K, 60% used [0x00000000eaf00000,0x00000000eb120000,0x00000000eb280000)
  to   space 3072K, 0% used [0x00000000eb280000,0x00000000eb280000,0x00000000eb580000)
 ParOldGen       total 345088K, used 345063K [0x00000000c0000000, 0x00000000d5100000, 0x00000000eab00000)
  object space 345088K, 99% used [0x00000000c0000000,0x00000000d50f9cb0,0x00000000d5100000)
 Metaspace       used 56365K, committed 57664K, reserved 1114112K
  class space    used 6017K, committed 6528K, reserved 1048576K
}

